<?xml version="1.0" encoding="UTF-8"?>
<testsuite xmlns:xsi="http://www.w3.org/2001/XMLSchema-instance" xsi:noNamespaceSchemaLocation="https://maven.apache.org/surefire/maven-surefire-plugin/xsd/surefire-test-report.xsd" name="org.example.ExportManagerTest" time="0.111" tests="6" errors="0" skipped="0" failures="0">
  <properties>
[...]
</properties>
  <testcase name="testExportToConsoleWithSingleExpense" classname="org.example.ExportManagerTest" time="0.028"/>
  <testcase name="testExportToConsoleWithEmptyList" classname="org.example.ExportManagerTest" time="0.004"/>
  <testcase name="testFormatting" classname="org.example.ExportManagerTest" time="0"/>
  <testcase name="testNullExpensesList" classname="org.example.ExportManagerTest" time="0"/>
  <testcase name="testExportToConsoleWithMultipleExpenses{List, String[]}[1]" classname="org.example.ExportManagerTest" time="0.021"/>
  <testcase name="testExportToConsoleWithMultipleExpenses{List, String[]}[2]" classname="org.example.ExportManagerTest" time="0.001"/>
</testsuite>